<?xml version="1.0" encoding="UTF-8" ?>
<testsuite errors="0" failures="18" hostname="cookysch" name="wormgame.WormGameTest" skipped="0" tests="29" time="0.506" timestamp="2020-04-01T20:01:52">
  <properties>
[...]
</properties>
  <testcase classname="wormgame.WormGameTest" name="updatable" time="0.014" />
  <testcase classname="wormgame.WormGameTest" name="drawingBoardNoticesTheSideLength" time="0.005">
    <failure message="Have you created class DrawingBoard inside the package wormgame.gui?" type="junit.framework.AssertionFailedError">junit.framework.AssertionFailedError: Have you created class DrawingBoard inside the package wormgame.gui?
	at wormgame.WormGameTest.drawingBoardNoticesTheSideLength(WormGameTest.java:1806)
</failure>
  </testcase>
  <testcase classname="wormgame.WormGameTest" name="keyboardListener" time="0.001">
    <failure message="Have you created class KeyboardListener, which is inside the package wormgame.gui?" type="junit.framework.AssertionFailedError">junit.framework.AssertionFailedError: Have you created class KeyboardListener, which is inside the package wormgame.gui?
	at wormgame.WormGameTest.keyboardListener(WormGameTest.java:1526)
</failure>
  </testcase>
  <testcase classname="wormgame.WormGameTest" name="wormDoesCircle" time="0.005" />
  <testcase classname="wormgame.WormGameTest" name="isDrawingBoard" time="0.002">
    <failure message="Have you created class DrawingBoard inside the package wormgame.gui?" type="junit.framework.AssertionFailedError">junit.framework.AssertionFailedError: Have you created class DrawingBoard inside the package wormgame.gui?
	at wormgame.WormGameTest.isDrawingBoard(WormGameTest.java:1686)
</failure>
  </testcase>
  <testcase classname="wormgame.WormGameTest" name="setInitialDelayAndSetDelayCalls" time="0.001" />
  <testcase classname="wormgame.WormGameTest" name="isWorm" time="0.029" />
  <testcase classname="wormgame.WormGameTest" name="runningIntoItselfQuits1" time="0.003">
    <failure message="Game should end, meaning method continues() should return false, when worm runs into itself. &#xa;Check that worm cannot run into itself so that it has first moved down and then it moves up where he came from.&#xa;UP&#xa;______&#xa;______&#xa;______&#xa;___h__&#xa;______&#xa;______&#xa;" type="junit.framework.AssertionFailedError">junit.framework.AssertionFailedError: Game should end, meaning method continues() should return false, when worm runs into itself. 
Check that worm cannot run into itself so that it has first moved down and then it moves up where he came from.
UP
______
______
______
___h__
______
______

	at wormgame.WormGameTest.runningIntoItselfQuits1(WormGameTest.java:1368)
</failure>
  </testcase>
  <testcase classname="wormgame.WormGameTest" name="runningIntoItselfQuits2" time="0.003">
    <failure message="Game should end, meaning method continues() should return false, when worm runs into itself. &#xa;LEFT&#xa;__________&#xa;__________&#xa;__________&#xa;__________&#xa;__________&#xa;_____h____&#xa;__________&#xa;__________&#xa;__________&#xa;__________&#xa;" type="junit.framework.AssertionFailedError">junit.framework.AssertionFailedError: Game should end, meaning method continues() should return false, when worm runs into itself. 
LEFT
__________
__________
__________
__________
__________
_____h____
__________
__________
__________
__________

	at wormgame.WormGameTest.runningIntoItselfQuits2(WormGameTest.java:1401)
</failure>
  </testcase>
  <testcase classname="wormgame.WormGameTest" name="isWormGame" time="0.0" />
  <testcase classname="wormgame.WormGameTest" name="actionListenerTest" time="0.004" />
  <testcase classname="wormgame.WormGameTest" name="eatingAppleGrowsWorm" time="0.002">
    <failure message="After three moves, number of worm&apos;s pieces was 1, are you sure that worm is created only in the constructor?" type="junit.framework.AssertionFailedError">junit.framework.AssertionFailedError: After three moves, number of worm&apos;s pieces was 1, are you sure that worm is created only in the constructor?
	at wormgame.WormGameTest.eatingAppleGrowsWorm(WormGameTest.java:1279)
</failure>
  </testcase>
  <testcase classname="wormgame.WormGameTest" name="paintComponentCallsSuperClassMethod" time="0.01">
    <failure message="src/wormgame/gui/DrawingBoard.java (No such file or directory)" type="junit.framework.AssertionFailedError">junit.framework.AssertionFailedError: src/wormgame/gui/DrawingBoard.java (No such file or directory)
	at wormgame.WormGameTest.paintComponentCallsSuperClassMethod(WormGameTest.java:2035)
</failure>
  </testcase>
  <testcase classname="wormgame.WormGameTest" name="whenAppleIsntRanIntoOrItIsntEatenOrItsLocationDoesntChange" time="0.007">
    <failure message="Do you move worm in the WormGame&apos;s method actionPerformed? Do you also add pieces to worm in the first few move-calls?" type="junit.framework.AssertionFailedError">junit.framework.AssertionFailedError: Do you move worm in the WormGame&apos;s method actionPerformed? Do you also add pieces to worm in the first few move-calls?
	at wormgame.WormGameTest.whenAppleIsntRanIntoOrItIsntEatenOrItsLocationDoesntChange(WormGameTest.java:1112)
</failure>
  </testcase>
  <testcase classname="wormgame.WormGameTest" name="newAppleDoesntSpawnOnWorm" time="0.003" />
  <testcase classname="wormgame.WormGameTest" name="isUserInterface" time="0.182">
    <failure message="In UserInterface&apos;s method createComponents, do you add drawing board to Container-object which is given as a parameter? &#xa;Do you also add keyboard listener to frame-object in the end of createComponents-method?" type="junit.framework.AssertionFailedError">junit.framework.AssertionFailedError: In UserInterface&apos;s method createComponents, do you add drawing board to Container-object which is given as a parameter? 
Do you also add keyboard listener to frame-object in the end of createComponents-method?
	at wormgame.WormGameTest.isUserInterface(WormGameTest.java:2068)
</failure>
  </testcase>
  <testcase classname="wormgame.WormGameTest" name="updateCallsRepaint" time="0.007">
    <failure message="src/wormgame/gui/DrawingBoard.java (No such file or directory)" type="junit.framework.AssertionFailedError">junit.framework.AssertionFailedError: src/wormgame/gui/DrawingBoard.java (No such file or directory)
	at wormgame.WormGameTest.updateCallsRepaint(WormGameTest.java:1979)
</failure>
  </testcase>
  <testcase classname="wormgame.WormGameTest" name="isInterfacesAndImplementations" time="0.009" />
  <testcase classname="wormgame.WormGameTest" name="whenAppleIsHitAndEatenAndThenNewAppleIsCreated" time="0.022">
    <failure message="After two moves, number of worm&apos;s pieces was 1 although it should have been 3, are you sure that worm is created only in the constructor?" type="junit.framework.AssertionFailedError">junit.framework.AssertionFailedError: After two moves, number of worm&apos;s pieces was 1 although it should have been 3, are you sure that worm is created only in the constructor?
	at wormgame.WormGameTest.whenAppleIsHitAndEatenAndThenNewAppleIsCreated(WormGameTest.java:1149)
</failure>
  </testcase>
  <testcase classname="wormgame.WormGameTest" name="appleDoesntGoOutsideOrOnTheWorm" time="0.04">
    <failure message="Location of the apple was 3,3 which is equal to worm&apos;s location with code:&#xa;WormGame mp = new WormGame(6,6);&#xa;mp.getApple();&#xa;" type="junit.framework.AssertionFailedError">junit.framework.AssertionFailedError: Location of the apple was 3,3 which is equal to worm&apos;s location with code:
WormGame mp = new WormGame(6,6);
mp.getApple();

	at wormgame.WormGameTest.appleDoesntGoOutsideOrOnTheWorm(WormGameTest.java:956)
</failure>
  </testcase>
  <testcase classname="wormgame.WormGameTest" name="hittingBorderQuits1" time="0.002">
    <failure message="Game should end, meaning method continues() should return false, when worm hits the border. &#xa;DOWN&#xa;____&#xa;____&#xa;__h_&#xa;____&#xa;" type="junit.framework.AssertionFailedError">junit.framework.AssertionFailedError: Game should end, meaning method continues() should return false, when worm hits the border. 
DOWN
____
____
__h_
____

	at wormgame.WormGameTest.hittingBorderQuits1(WormGameTest.java:1423)
</failure>
  </testcase>
  <testcase classname="wormgame.WormGameTest" name="hittingBorderQuits2" time="0.002">
    <failure message="Game should end, meaning method continues() should return false, when worm hits the border. &#xa;RIGHT&#xa;____&#xa;____&#xa;__h_&#xa;____&#xa;" type="junit.framework.AssertionFailedError">junit.framework.AssertionFailedError: Game should end, meaning method continues() should return false, when worm hits the border. 
RIGHT
____
____
__h_
____

	at wormgame.WormGameTest.hittingBorderQuits2(WormGameTest.java:1444)
</failure>
  </testcase>
  <testcase classname="wormgame.WormGameTest" name="hittingBorderQuits3" time="0.002">
    <failure message="Game should end, meaning method continues() should return false, when worm hits the border. &#xa;LEFT&#xa;____&#xa;____&#xa;__h_&#xa;____&#xa;" type="junit.framework.AssertionFailedError">junit.framework.AssertionFailedError: Game should end, meaning method continues() should return false, when worm hits the border. 
LEFT
____
____
__h_
____

	at wormgame.WormGameTest.hittingBorderQuits3(WormGameTest.java:1466)
</failure>
  </testcase>
  <testcase classname="wormgame.WormGameTest" name="hittingBorderQuits4" time="0.002">
    <failure message="Game should end, meaning method continues() should return false, when worm hits the border. &#xa;UP&#xa;____&#xa;____&#xa;__h_&#xa;____&#xa;" type="junit.framework.AssertionFailedError">junit.framework.AssertionFailedError: Game should end, meaning method continues() should return false, when worm hits the border. 
UP
____
____
__h_
____

	at wormgame.WormGameTest.hittingBorderQuits4(WormGameTest.java:1488)
</failure>
  </testcase>
  <testcase classname="wormgame.WormGameTest" name="delayChangesWhenGameProgresses" time="0.003">
    <failure message="Does the game&apos;s update rate speed up when worm grows? Game&apos;s update rate was one update per 1000 milliseconds, even though length of the worm was already 3." type="junit.framework.AssertionFailedError">junit.framework.AssertionFailedError: Does the game&apos;s update rate speed up when worm grows? Game&apos;s update rate was one update per 1000 milliseconds, even though length of the worm was already 3.
	at wormgame.WormGameTest.delayChangesWhenGameProgresses(WormGameTest.java:1520)
</failure>
  </testcase>
  <testcase classname="wormgame.WormGameTest" name="actionListener" time="0.002">
    <failure message="Do you move worm in the WormGame&apos;s method actionPerformed? Do you also add pieces to worm in the first few move-calls?" type="junit.framework.AssertionFailedError">junit.framework.AssertionFailedError: Do you move worm in the WormGame&apos;s method actionPerformed? Do you also add pieces to worm in the first few move-calls?
	at wormgame.WormGameTest.actionListener(WormGameTest.java:1068)
</failure>
  </testcase>
  <testcase classname="wormgame.WormGameTest" name="wormAlwaysStartsInTheCenter" time="0.003" />
  <testcase classname="wormgame.WormGameTest" name="isApple" time="0.022" />
  <testcase classname="wormgame.WormGameTest" name="isPiece" time="0.001" />
  <system-out><![CDATA[]]></system-out>
  <system-err><![CDATA[]]></system-err>
</testsuite>
